<?xml version="1.0" encoding="UTF-8"?>
<testsuite xmlns:xsi="http://www.w3.org/2001/XMLSchema-instance" xsi:noNamespaceSchemaLocation="https://maven.apache.org/surefire/maven-surefire-plugin/xsd/surefire-test-report.xsd" name="Ecommerce.youGo.HomePageTest" time="45.3" tests="1" errors="0" skipped="0" failures="1">
  <properties>
[...]
</properties>
  <testcase name="searchProduct" classname="Ecommerce.youGo.HomePageTest" time="3.357">
    <failure type="java.lang.NullPointerException">java.lang.NullPointerException
	at Ecommerce.youGo.HomePageTest.searchProduct(HomePageTest.java:21)
</failure>
    <system-err><![CDATA[SLF4J: Failed to load class "org.slf4j.impl.StaticLoggerBinder".
SLF4J: Defaulting to no-operation (NOP) logger implementation
SLF4J: See http://www.slf4j.org/codes.html#StaticLoggerBinder for further details.
Starting ChromeDriver 72.0.3626.7 (efcef9a3ecda02b2132af215116a03852d08b9cb) on port 27048
Only local connections are allowed.
[1600248850.039][WARNING]: Timed out connecting to Chrome, retrying...
Sep 16, 2020 12:34:22 PM org.openqa.selenium.remote.ProtocolHandshake createSession
INFO: Detected dialect: OSS
[1600248869.335][WARNING]: Timed out connecting to Chrome, retrying...
]]></system-err>
  </testcase>
</testsuite>g to Chrome, retrying...
]]></system-err>
  </testcase>
</testsuite>