<?xml version="1.0" encoding="UTF-8"?>
<!-- Generated by org.testng.reporters.JUnitXMLReporter -->
<testsuite hostname="DESKTOP-6PD0BS4" ignored="0" name="Surefire test" tests="1" failures="1" timestamp="2020-09-16T12:34:37 EEST" time="47.764" errors="0">
  <testcase name="searchProduct" time="3.064" classname="Ecommerce.youGo.HomePageTest">
    <failure type="java.lang.NullPointerException">
      <![CDATA[java.lang.NullPointerException
at org.openqa.selenium.support.pagefactory.DefaultElementLocator.findElement(DefaultElementLocator.java:70)
at org.openqa.selenium.support.pagefactory.internal.LocatingElementHandler.invoke(LocatingElementHandler.java:39)
at com.sun.proxy.$Proxy11.click(Unknown Source)
at Ecommerce.youGo.pageBase.clickButton(pageBase.java:22)
at Ecommerce.youGo.HomePage.searchItems(HomePage.java:33)
at Ecommerce.youGo.HomePageTest.searchProduct(HomePageTest.java:21)
at java.util.ArrayList.forEach(ArrayList.java:1249)
... Removed 33 stack frames]]>
    </failure>
  </testcase> <!-- searchProduct -->
</testsuite> <!-- Surefire test -->
