<?xml version="1.0" encoding="UTF-8"?>
<!-- Generated by org.testng.reporters.JUnitXMLReporter -->
<testsuite hostname="DESKTOP-6PD0BS4" ignored="0" name="Surefire test" tests="2" failures="1" timestamp="2020-09-24T15:22:38 EEST" time="80.99" errors="0">
  <testcase name="Attend" time="16.513" classname="emp.attendence.AttendenceTest">
    <failure type="java.lang.AssertionError" message="expected:&amp;lt;https://emp.roqay.com/panel/dashboard&amp;gt; but was:&amp;lt;https://emp.roqay.com/panel/front/attendance&amp;gt;">
      <![CDATA[java.lang.AssertionError: expected:<https://emp.roqay.com/panel/dashboard> but was:<https://emp.roqay.com/panel/front/attendance>
at emp.attendence.AttendenceTest.Attend(AttendenceTest.java:25)
at java.util.ArrayList.forEach(ArrayList.java:1249)
... Removed 35 stack frames]]>
    </failure>
  </testcase> <!-- Attend -->
  <testcase name="login" time="15.515" classname="emp.attendence.LoginTest"/>
</testsuite> <!-- Surefire test -->
